<3>[    0.529176] (1)[6:kworker/u16:0][sd][msdc_command_resp_polling]: msdc0 XXX CMD<8> MSDC_INT_CMDTMO Arg<0x000001aa><3>[    0.529273] (1)[6:kworker/u16:0][sd]msdc0 -> XXX CMD<8><0x1aa> Error<-110> Resp<0x0> <- msdc_dump_trans_error() : L<7802> PID<kworker/u16:0><0x6>
<3>[    0.529817] (1)[6:kworker/u16:0][sd]msdc0 -> XXX CMD<5><0x0> Error<-110> Resp<0x0> <- msdc_dump_trans_error() : L<7802> PID<kworker/u16:0><0x6>
<3>[    0.530361] (1)[6:kworker/u16:0][sd]msdc0 -> XXX CMD<5><0x0> Error<-110> Resp<0x0> <- msdc_dump_trans_error() : L<7802> PID<kworker/u16:0><0x6>
<3>[    0.530904] (1)[6:kworker/u16:0][sd]msdc0 -> XXX CMD<5><0x0> Error<-110> Resp<0x0> <- msdc_dump_trans_error() : L<7802> PID<kworker/u16:0><0x6>
<3>[    0.531446] (1)[6:kworker/u16:0][sd]msdc0 -> XXX CMD<5><0x0> Error<-110> Resp<0x0> <- msdc_dump_trans_error() : L<7802> PID<kworker/u16:0><0x6>
<3>[    0.531988] (1)[6:kworker/u16:0][sd]msdc0 -> XXX CMD<55><0x0> Error<-110> Resp<0x0> <- msdc_dump_trans_error() : L<7802> PID<kworker/u16:0><0x6>
<3>[    0.532531] (1)[6:kworker/u16:0][sd]msdc0 -> XXX CMD<55><0x0> Error<-110> Resp<0x0> <- msdc_dump_trans_error() : L<7802> PID<kworker/u16:0><0x6>
<3>[    0.533074] (1)[6:kworker/u16:0][sd]msdc0 -> XXX CMD<55><0x0> Error<-110> Resp<0x0> <- msdc_dump_trans_error() : L<7802> PID<kworker/u16:0><0x6>
<3>[    0.533618] (1)[6:kworker/u16:0][sd]msdc0 -> XXX CMD<55><0x0> Error<-110> Resp<0x0> <- msdc_dump_trans_error() : L<7802> PID<kworker/u16:0><0x6>
<4>[    0.534136] (5)[1:swapper/0]mtk-msdc: probe of 11250000.MSDC2 failed with error 1
<3>[    0.586465] (1)[1:swapper/0][ALS/PS] ltr559_probe 2294 : add driver error
<4>[    0.586482] (1)[1:swapper/0]als_ps: probe of als_ps failed with error -1
<5>[    0.606911] (2)[1:swapper/0][DDP/IRQ]error:Try to unregister callback function with was not registered. module=4 cb=0xffffffc0005b44bc
<3>[    0.701791] (5)[1:swapper/0][mt-i2c]ERROR,522: id=1,addr: 75, transfer error
<3>[    0.701840][mt-i2c]Trans_stop=1,Trans_comp=0,Trans_error=2
<3>[    1.382127] (5)[153:mmcqd/0boot1][sd]msdc0 -> XXX CMD<13><0x10000> Error<-5> Resp<0x0> <- msdc_dump_trans_error() : L<7802> PID<mmcqd/0boot1><0x99>
<4>[    1.705142] (5)[1:swapper/0]m_batch_pl: probe of m_batch_pl.48 failed with error -1
<4>[    1.705585] (5)[1:swapper/0]m_alsps_pl: probe of m_alsps_pl.47 failed with error -1
<3>[    2.532106] (0)[151:mmcqd/0]mmcblk0: error -5 transferring data, sector 443464, nr 216, cmd response 0x900, card status 0x0
<3>[    2.532116] (0)[151:mmcqd/0][sd]msdc0 -> XXX CMD<18><0x6c448> Error<0> Resp<0x900> <- msdc_dump_trans_error() : L<7802> PID<mmcqd/0><0x97>
<6>[    2.532125] (0)[151:mmcqd/0][sd]msdc0 -> XXX DAT block<216> Error<-5> <- msdc_dump_trans_error() : L<7808> PID<mmcqd/0><0x97>
<6>[    2.532132] (0)[151:mmcqd/0][sd]msdc0 -> XXX STOP<12><0x0> Error<0> Resp<0x0> <- msdc_dump_trans_error() : L<7815> PID<mmcqd/0><0x97>
<6>[    2.532138] (0)[151:mmcqd/0][sd]msdc0 -> XXX SBC<23><0xd8> Error<0> Resp<0x900> <- msdc_dump_trans_error() : L<7823> PID<mmcqd/0><0x97>
<3>[    2.532747] (5)[151:mmcqd/0][sd]msdc0 -> XXX CMD<18><0x6c448> Error<0> Resp<0x900> <- msdc_dump_trans_error() : L<7802> PID<mmcqd/0><0x97>
<6>[    2.532755] (5)[151:mmcqd/0][sd]msdc0 -> XXX DAT block<216> Error<-5> <- msdc_dump_trans_error() : L<7808> PID<mmcqd/0><0x97>
<6>[    2.532762] (5)[151:mmcqd/0][sd]msdc0 -> XXX STOP<12><0x0> Error<0> Resp<0xb00> <- msdc_dump_trans_error() : L<7815> PID<mmcqd/0><0x97>
<6>[    2.532769] (5)[151:mmcqd/0][sd]msdc0 -> XXX SBC<23><0xd8> Error<0> Resp<0x900> <- msdc_dump_trans_error() : L<7823> PID<mmcqd/0><0x97>
<6>[    2.576692] (5)[184:init]EXT4-fs (mmcblk0p16): mounted filesystem with ordered data mode. Opts: nomblk_io_submit,errors=remount-ro
<6>[    2.590733] (0)[184:init]EXT4-fs (mmcblk0p3): mounted filesystem with ordered data mode. Opts: nomblk_io_submit,errors=remount-ro
<6>[    2.594039] (0)[184:init]EXT4-fs (mmcblk0p3): mounted filesystem with ordered data mode. Opts: nomblk_io_submit,errors=remount-ro
<3>[    2.604485] (1)[151:mmcqd/0]mmcblk0: error -5 transferring data, sector 1008936, nr 64, cmd response 0x900, card status 0x0
<3>[    2.604499] (1)[151:mmcqd/0][sd]msdc0 -> XXX CMD<18><0xf6528> Error<0> Resp<0x900> <- msdc_dump_trans_error() : L<7802> PID<mmcqd/0><0x97>
<6>[    2.604509] (1)[151:mmcqd/0][sd]msdc0 -> XXX DAT block<64> Error<-5> <- msdc_dump_trans_error() : L<7808> PID<mmcqd/0><0x97>
<6>[    2.604518] (1)[151:mmcqd/0][sd]msdc0 -> XXX STOP<12><0x0> Error<0> Resp<0x0> <- msdc_dump_trans_error() : L<7815> PID<mmcqd/0><0x97>
<6>[    2.604526] (1)[151:mmcqd/0][sd]msdc0 -> XXX SBC<23><0x40> Error<0> Resp<0x900> <- msdc_dump_trans_error() : L<7823> PID<mmcqd/0><0x97>
<6>[    2.643476] (0)[184:init]EXT4-fs (mmcblk0p4): mounted filesystem with ordered data mode. Opts: nomblk_io_submit,errors=remount-ro
<6>[    2.648597] (0)[184:init]EXT4-fs (mmcblk0p4): mounted filesystem with ordered data mode. Opts: nomblk_io_submit,errors=remount-ro
<3>[    2.845559] (0)[244:healthd]binder: read put err 29189 to user 0000000019fd38f8, thread error 29189:29185
<3>[    2.887981]-(0)[251:wmt_loader][GPIO]   293: Pin number error 2147483647
<3>[    2.887987]-(0)[251:wmt_loader][GPIO]   293: Parameter error: 2147483647
<6>[    5.446518] (0)[280:vold]EXT4-fs (dm-0): mounted filesystem with ordered data mode. Opts: nomblk_io_submit,errors=remount-ro
<6>[    5.501540] (0)[280:vold]EXT4-fs (dm-0): mounted filesystem with ordered data mode. Opts: nomblk_io_submit,errors=remount-ro
<6>[    5.536431] (0)[280:vold]EXT4-fs (mmcblk0p3): mounted filesystem with ordered data mode. Opts: nomblk_io_submit,errors=remount-ro
<6>[    5.549510] (0)[280:vold]EXT4-fs (mmcblk0p4): mounted filesystem with ordered data mode. Opts: nomblk_io_submit,errors=remount-ro
<3>[    8.153021] (4)[151:mmcqd/0]mmcblk0: error -5 transferring data, sector 1372000, nr 256, cmd response 0x900, card status 0x0
<3>[    8.153033] (4)[151:mmcqd/0][sd]msdc0 -> XXX CMD<18><0x14ef60> Error<0> Resp<0x900> <- msdc_dump_trans_error() : L<7802> PID<mmcqd/0><0x97>
<6>[    8.153040] (4)[151:mmcqd/0][sd]msdc0 -> XXX DAT block<256> Error<-5> <- msdc_dump_trans_error() : L<7808> PID<mmcqd/0><0x97>
<6>[    8.153047] (4)[151:mmcqd/0][sd]msdc0 -> XXX STOP<12><0x0> Error<0> Resp<0x0> <- msdc_dump_trans_error() : L<7815> PID<mmcqd/0><0x97>
<6>[    8.153054] (4)[151:mmcqd/0][sd]msdc0 -> XXX SBC<23><0x100> Error<0> Resp<0x900> <- msdc_dump_trans_error() : L<7823> PID<mmcqd/0><0x97>
<3>[   11.960292] (0)[324:mediaserver][mt-i2c]ERROR,522: id=0,addr: 36, transfer error
<3>[   11.960417] (0)[324:mediaserver][mt-i2c]ERROR,522: id=0,addr: 36, transfer error
<3>[   11.960551] (1)[324:mediaserver][mt-i2c]ERROR,522: id=0,addr: 36, transfer error
<3>[   11.960671] (1)[324:mediaserver][mt-i2c]ERROR,522: id=0,addr: 36, transfer error
<3>[   11.960997] (1)[324:mediaserver][mt-i2c]ERROR,522: id=0,addr: 10, transfer error
<3>[   11.961116] (1)[324:mediaserver][mt-i2c]ERROR,522: id=0,addr: 10, transfer error
<3>[   11.961244] (1)[324:mediaserver][mt-i2c]ERROR,522: id=0,addr: 10, transfer error
<3>[   11.961362] (1)[324:mediaserver][mt-i2c]ERROR,522: id=0,addr: 10, transfer error
<3>[   12.024287] (0)[324:mediaserver][mt-i2c]ERROR,522: id=0,addr: 36, transfer error
<3>[   12.024389] (0)[324:mediaserver][mt-i2c]ERROR,522: id=0,addr: 36, transfer error
<3>[   12.024495] (0)[324:mediaserver][mt-i2c]ERROR,522: id=0,addr: 36, transfer error
<3>[   12.024593] (0)[324:mediaserver][mt-i2c]ERROR,522: id=0,addr: 36, transfer error
<3>[   12.024697] (0)[324:mediaserver][mt-i2c]ERROR,522: id=0,addr: 10, transfer error
<3>[   12.024796] (0)[324:mediaserver][mt-i2c]ERROR,522: id=0,addr: 10, transfer error
<3>[   12.024900] (0)[324:mediaserver][mt-i2c]ERROR,522: id=0,addr: 10, transfer error
<3>[   12.024998] (0)[324:mediaserver][mt-i2c]ERROR,522: id=0,addr: 10, transfer error
